<?xml version="1.0" encoding="UTF-8"?>
<testng-results ignored="0" total="1" passed="1" failed="0" skipped="0">
  <reporter-output>
  </reporter-output>
  <suite started-at="2024-08-15T01:42:39 IST" name="Default suite" finished-at="2024-08-15T01:42:44 IST" duration-ms="5651">
    <groups>
    </groups>
    <test started-at="2024-08-15T01:42:39 IST" name="Default test" finished-at="2024-08-15T01:42:44 IST" duration-ms="5651">
      <class name="test.Final_Test">
        <test-method is-config="true" signature="setup()[pri:0, instance:test.Final_Test@243c4f91]" started-at="2024-08-15T01:42:39 IST" name="setup" finished-at="2024-08-15T01:42:43 IST" duration-ms="4431" status="PASS">
          <reporter-output>
          </reporter-output>
        </test-method> <!-- setup -->
        <test-method signature="log_in_test()[pri:0, instance:test.Final_Test@243c4f91]" started-at="2024-08-15T01:42:43 IST" name="log_in_test" finished-at="2024-08-15T01:42:44 IST" duration-ms="1089" status="PASS">
          <reporter-output>
          </reporter-output>
        </test-method> <!-- log_in_test -->
        <test-method is-config="true" signature="tearDown()[pri:0, instance:test.Final_Test@243c4f91]" started-at="2024-08-15T01:42:44 IST" name="tearDown" finished-at="2024-08-15T01:42:44 IST" duration-ms="106" status="PASS">
          <reporter-output>
          </reporter-output>
        </test-method> <!-- tearDown -->
      </class> <!-- test.Final_Test -->
    </test> <!-- Default test -->
  </suite> <!-- Default suite -->
</testng-results>
